0 info it worked if it ends with ok
1 verbose cli [ '/usr/local/bin/node', '/usr/local/bin/npm', 'run', 'dev' ]
2 info using npm@3.8.6
3 info using node@v6.0.0
4 verbose run-script [ 'predev', 'dev', 'postdev' ]
5 info lifecycle vue-element-admin@3.7.1~predev: vue-element-admin@3.7.1
6 silly lifecycle vue-element-admin@3.7.1~predev: no script for predev, continuing
7 info lifecycle vue-element-admin@3.7.1~dev: vue-element-admin@3.7.1
8 verbose lifecycle vue-element-admin@3.7.1~dev: unsafe-perm in lifecycle true
9 verbose lifecycle vue-element-admin@3.7.1~dev: PATH: /usr/local/lib/node_modules/npm/bin/node-gyp-bin:/Users/zhangxiansheng/Desktop/newElement/node_modules/.bin:/usr/local/bin:/usr/local/bin:/usr/bin:/bin:/usr/sbin:/sbin
10 verbose lifecycle vue-element-admin@3.7.1~dev: CWD: /Users/zhangxiansheng/Desktop/newElement
11 silly lifecycle vue-element-admin@3.7.1~dev: Args: [ '-c',
11 silly lifecycle   'cross-env BABEL_ENV=development webpack-dev-server --inline --progress --config build/webpack.dev.conf.js' ]
12 silly lifecycle vue-element-admin@3.7.1~dev: Returned: code: 1  signal: null
13 info lifecycle vue-element-admin@3.7.1~dev: Failed to exec dev script
14 verbose stack Error: vue-element-admin@3.7.1 dev: `cross-env BABEL_ENV=development webpack-dev-server --inline --progress --config build/webpack.dev.conf.js`
14 verbose stack Exit status 1
14 verbose stack     at EventEmitter.<anonymous> (/usr/local/lib/node_modules/npm/lib/utils/lifecycle.js:239:16)
14 verbose stack     at emitTwo (events.js:106:13)
14 verbose stack     at EventEmitter.emit (events.js:191:7)
14 verbose stack     at ChildProcess.<anonymous> (/usr/local/lib/node_modules/npm/lib/utils/spawn.js:24:14)
14 verbose stack     at emitTwo (events.js:106:13)
14 verbose stack     at ChildProcess.emit (events.js:191:7)
14 verbose stack     at maybeClose (internal/child_process.js:850:16)
14 verbose stack     at Process.ChildProcess._handle.onexit (internal/child_process.js:215:5)
15 verbose pkgid vue-element-admin@3.7.1
16 verbose cwd /Users/zhangxiansheng/Desktop/newElement
17 error Darwin 18.2.0
18 error argv "/usr/local/bin/node" "/usr/local/bin/npm" "run" "dev"
19 error node v6.0.0
20 error npm  v3.8.6
21 error code ELIFECYCLE
22 error vue-element-admin@3.7.1 dev: `cross-env BABEL_ENV=development webpack-dev-server --inline --progress --config build/webpack.dev.conf.js`
22 error Exit status 1
23 error Failed at the vue-element-admin@3.7.1 dev script 'cross-env BABEL_ENV=development webpack-dev-server --inline --progress --config build/webpack.dev.conf.js'.
23 error Make sure you have the latest version of node.js and npm installed.
23 error If you do, this is most likely a problem with the vue-element-admin package,
23 error not with npm itself.
23 error Tell the author that this fails on your system:
23 error     cross-env BABEL_ENV=development webpack-dev-server --inline --progress --config build/webpack.dev.conf.js
23 error You can get information on how to open an issue for this project with:
23 error     npm bugs vue-element-admin
23 error Or if that isn't available, you can get their info via:
23 error     npm owner ls vue-element-admin
23 error There is likely additional logging output above.
24 verbose exit [ 1, true ]
